Configuration file: /app/_config.yml
To use retry middleware with Faraday v2.0+, install `faraday-retry` gem
            Source: /app
       Destination: /app/_site
 Incremental build: disabled. Enable with --incremental
      Generating...
[33m        Pagination: Pagination is enabled, but I couldn't find an index.html page to use as the pagination template. Skipping pagination.[0m
       Jekyll Feed: Generating feed for posts
DEPRECATION WARNING [import]: Sass @import rules are deprecated and will be removed in Dart Sass 3.0.0.

More info and automated migrator: https://sass-lang.com/d/import

  ╷
3 │ @import "minimal-mistakes/skins/air"; // skin
  │         ^^^^^^^^^^^^^^^^^^^^^^^^^^^^
  ╵
    /app/assets/css/main.scss 3:9  root stylesheet
DEPRECATION WARNING [import]: Sass @import rules are deprecated and will be removed in Dart Sass 3.0.0.

More info and automated migrator: https://sass-lang.com/d/import

  ╷
4 │ @import "minimal-mistakes"; // main partials
  │         ^^^^^^^^^^^^^^^^^^
  ╵
    /app/assets/css/main.scss 4:9  root stylesheet
DEPRECATION WARNING [import]: Sass @import rules are deprecated and will be removed in Dart Sass 3.0.0.

More info and automated migrator: https://sass-lang.com/d/import

  ╷
6 │ @import "my-custom-styles";
  │         ^^^^^^^^^^^^^^^^^^
  ╵
    /app/assets/css/main.scss 6:9  root stylesheet
DEPRECATION WARNING [global-builtin]: Global built-in functions are deprecated and will be removed in Dart Sass 3.0.0.
Use color.mix instead.

More info and automated migrator: https://sass-lang.com/d/import

   ╷
11 │ $border-color: mix(#fff, #393e46, 75%) !default;
   │                ^^^^^^^^^^^^^^^^^^^^^^^
   ╵
    minimal-mistakes/skins/_air.scss 11:16  @import
    /app/assets/css/main.scss 3:9           root stylesheet
DEPRECATION WARNING [global-builtin]: Global built-in functions are deprecated and will be removed in Dart Sass 3.0.0.
Use color.mix instead.

More info and automated migrator: https://sass-lang.com/d/import

   ╷
16 │ $navicon-link-color-hover: mix(#fff, $text-color, 80%) !default;
   │                            ^^^^^^^^^^^^^^^^^^^^^^^^^^^
   ╵
    minimal-mistakes/skins/_air.scss 16:28  @import
    /app/assets/css/main.scss 3:9           root stylesheet
DEPRECATION WARNING [import]: Sass @import rules are deprecated and will be removed in Dart Sass 3.0.0.

More info and automated migrator: https://sass-lang.com/d/import

  ╷
8 │ @import "minimal-mistakes/variables";
  │         ^^^^^^^^^^^^^^^^^^^^^^^^^^^^
  ╵
    minimal-mistakes.scss 8:9      @import
    /app/assets/css/main.scss 4:9  root stylesheet
DEPRECATION WARNING [import]: Sass @import rules are deprecated and will be removed in Dart Sass 3.0.0.

More info and automated migrator: https://sass-lang.com/d/import

   ╷
11 │ @import "minimal-mistakes/vendor/breakpoint/breakpoint";
   │         ^^^^^^^^^^^^^^^^^^^^^^^^^^^^^^^^^^^^^^^^^^^^^^^
   ╵
    minimal-mistakes.scss 11:9     @import
    /app/assets/css/main.scss 4:9  root stylesheet
DEPRECATION WARNING [global-builtin]: Global built-in functions are deprecated and will be removed in Dart Sass 3.0.0.
Use color.mix instead.

More info and automated migrator: https://sass-lang.com/d/import

   ╷
59 │ $dark-gray: mix(#000, $gray, 50%) !default;
   │             ^^^^^^^^^^^^^^^^^^^^^
   ╵
    /app/_sass/minimal-mistakes/_variables.scss 59:13  @import
    minimal-mistakes.scss 8:9                          @import
    /app/assets/css/main.scss 4:9                      root stylesheet
DEPRECATION WARNING [global-builtin]: Global built-in functions are deprecated and will be removed in Dart Sass 3.0.0.
Use color.mix instead.

More info and automated migrator: https://sass-lang.com/d/import

   ╷
60 │ $darker-gray: mix(#000, $gray, 60%) !default;
   │               ^^^^^^^^^^^^^^^^^^^^^
   ╵
    /app/_sass/minimal-mistakes/_variables.scss 60:15  @import
    minimal-mistakes.scss 8:9                          @import
    /app/assets/css/main.scss 4:9                      root stylesheet
DEPRECATION WARNING [global-builtin]: Global built-in functions are deprecated and will be removed in Dart Sass 3.0.0.
Use color.mix instead.

More info and automated migrator: https://sass-lang.com/d/import

   ╷
61 │ $light-gray: mix(#fff, $gray, 50%) !default;
   │              ^^^^^^^^^^^^^^^^^^^^^
   ╵
    /app/_sass/minimal-mistakes/_variables.scss 61:14  @import
    minimal-mistakes.scss 8:9                          @import
    /app/assets/css/main.scss 4:9                      root stylesheet
DEPRECATION WARNING [slash-div]: Using / for division is deprecated and will be removed in Dart Sass 2.0.0.

Recommendation: math.div(9, 16)

More info and automated migrator: https://sass-lang.com/d/slash-div

   ╷
31 │ $mfp-iframe-ratio:                    9/16;                       // Ratio of iframe (9/16 = widescreen, 3/4 = standard, etc.)
   │                                       ^^^^
   ╵
    /app/_sass/minimal-mistakes/vendor/magnific-popup/_settings.scss 31:39      @import
    /app/_sass/minimal-mistakes/vendor/magnific-popup/_magnific-popup.scss 3:9  @import
    minimal-mistakes.scss 13:9                                                  @import
    /app/assets/css/main.scss 4:9                                               root stylesheet
DEPRECATION WARNING [slash-div]: Using / for division outside of calc() is deprecated and will be removed in Dart Sass 2.0.0.

Recommendation: math.div($value, 16px) or calc($value / 16px)

More info and automated migrator: https://sass-lang.com/d/slash-div

   ╷
28 │     @return $value / 16px * 1em;
   │             ^^^^^^^^^^^^^
   ╵
    /app/_sass/minimal-mistakes/vendor/breakpoint/_helpers.scss 28:13                base-conversion()
    /app/_sass/minimal-mistakes/vendor/breakpoint/_helpers.scss 20:13                breakpoint-to-base-em()
    /app/_sass/minimal-mistakes/vendor/breakpoint/parsers/single/_default.scss 8:29  breakpoint-parse-default()
    /app/_sass/minimal-mistakes/vendor/breakpoint/parsers/_single.scss 22:14         breakpoint-parse-single()
    /app/_sass/minimal-mistakes/vendor/breakpoint/_parsers.scss 153:18               breakpoint-parse()
    /app/_sass/minimal-mistakes/vendor/breakpoint/_parsers.scss 48:22                breakpoint()
    /app/_sass/minimal-mistakes/vendor/breakpoint/_breakpoint.scss 46:16             breakpoint()
    /app/_sass/minimal-mistakes/_reset.scss 13:3                                     @import
    minimal-mistakes.scss 18:9                                                       @import
    /app/assets/css/main.scss 4:9                                                    root stylesheet
DEPRECATION WARNING [slash-div]: Using / for division outside of calc() is deprecated and will be removed in Dart Sass 2.0.0.

Recommendation: math.div(5px, 2) or calc(5px / 2)

More info and automated migrator: https://sass-lang.com/d/slash-div

   ╷
28 │     margin-bottom: (5px / 2);
   │                     ^^^^^^^
   ╵
    /app/_sass/minimal-mistakes/_forms.scss 28:21  @import
    minimal-mistakes.scss 20:9                     @import
    /app/assets/css/main.scss 4:9                  root stylesheet
DEPRECATION WARNING [color-functions]: red() is deprecated. Suggestion:

color.channel($color, "red", $space: rgb)

More info: https://sass-lang.com/d/color-functions

   ╷
64 │   $red: red($color);
   │         ^^^^^^^^^^^
   ╵
    /app/_sass/minimal-mistakes/_mixins.scss 64:9   yiq-is-light()
    /app/_sass/minimal-mistakes/_mixins.scss 81:14  yiq-contrast-color()
    /app/_sass/minimal-mistakes/_mixins.scss 91:10  yiq-contrasted()
    /app/_sass/minimal-mistakes/_buttons.scss 46:7  @import
    minimal-mistakes.scss 25:9                      @import
    /app/assets/css/main.scss 4:9                   root stylesheet
DEPRECATION WARNING [color-functions]: green() is deprecated. Suggestion:

color.channel($color, "green", $space: rgb)

More info: https://sass-lang.com/d/color-functions

   ╷
65 │   $green: green($color);
   │           ^^^^^^^^^^^^^
   ╵
    /app/_sass/minimal-mistakes/_mixins.scss 65:11  yiq-is-light()
    /app/_sass/minimal-mistakes/_mixins.scss 81:14  yiq-contrast-color()
    /app/_sass/minimal-mistakes/_mixins.scss 91:10  yiq-contrasted()
    /app/_sass/minimal-mistakes/_buttons.scss 46:7  @import
    minimal-mistakes.scss 25:9                      @import
    /app/assets/css/main.scss 4:9                   root stylesheet
DEPRECATION WARNING [color-functions]: blue() is deprecated. Suggestion:

color.channel($color, "blue", $space: rgb)

More info: https://sass-lang.com/d/color-functions

   ╷
66 │   $blue: blue($color);
   │          ^^^^^^^^^^^^
   ╵
    /app/_sass/minimal-mistakes/_mixins.scss 66:10  yiq-is-light()
    /app/_sass/minimal-mistakes/_mixins.scss 81:14  yiq-contrast-color()
    /app/_sass/minimal-mistakes/_mixins.scss 91:10  yiq-contrasted()
    /app/_sass/minimal-mistakes/_buttons.scss 46:7  @import
    minimal-mistakes.scss 25:9                      @import
    /app/assets/css/main.scss 4:9                   root stylesheet
DEPRECATION WARNING [slash-div]: Using / for division outside of calc() is deprecated and will be removed in Dart Sass 2.0.0.

Recommendation: math.div(($red * 299) + ($green * 587) + ($blue * 114), 1000) or calc((($red * 299) + ($green * 587) + ($blue * 114)) / 1000)

More info and automated migrator: https://sass-lang.com/d/slash-div

   ╷
68 │   $yiq: (($red*299)+($green*587)+($blue*114))/1000;
   │         ^^^^^^^^^^^^^^^^^^^^^^^^^^^^^^^^^^^^^^^^^^
   ╵
    /app/_sass/minimal-mistakes/_mixins.scss 68:9   yiq-is-light()
    /app/_sass/minimal-mistakes/_mixins.scss 81:14  yiq-contrast-color()
    /app/_sass/minimal-mistakes/_mixins.scss 91:10  yiq-contrasted()
    /app/_sass/minimal-mistakes/_buttons.scss 46:7  @import
    minimal-mistakes.scss 25:9                      @import
    /app/assets/css/main.scss 4:9                   root stylesheet
DEPRECATION WARNING [slash-div]: Using / for division outside of calc() is deprecated and will be removed in Dart Sass 2.0.0.

Recommendation: math.div($span-width, $container) or calc($span-width / $container)

More info and automated migrator: https://sass-lang.com/d/slash-div

   ╷
93 │     @return percentage($span-width / $container);
   │                        ^^^^^^^^^^^^^^^^^^^^^^^^
   ╵
    /app/_sass/minimal-mistakes/vendor/susy/susy/_su-math.scss 93:24          su-span()
    /app/_sass/minimal-mistakes/vendor/susy/susy/_syntax-helpers.scss 190:11  su-call()
    /app/_sass/minimal-mistakes/vendor/susy/susy/_api.scss 146:13             susy-span()
    /app/_sass/minimal-mistakes/vendor/susy/susy/_unprefix.scss 19:11         span()
    /app/_sass/minimal-mistakes/_utilities.scss 185:24                        @content
    /app/_sass/minimal-mistakes/vendor/breakpoint/_breakpoint.scss 66:7       breakpoint()
    /app/_sass/minimal-mistakes/_utilities.scss 184:3                         @import
    minimal-mistakes.scss 34:9                                                @import
    /app/assets/css/main.scss 4:9                                             root stylesheet
WARNING: 213 repetitive deprecation warnings omitted.
Run in verbose mode to see all warnings.
                    done in 1.163 seconds.
 Auto-regeneration: enabled for '/app'
[31m                    ------------------------------------------------[0m
[31m      Jekyll 4.4.1   Please append `--trace` to the `serve` command [0m
[31m                     for any additional information or backtrace. [0m
[31m                    ------------------------------------------------[0m
/usr/lib/ruby/3.2.0/socket.rb:205:in `bind': Address already in use - bind(2) for 127.0.0.1:4000 (Errno::EADDRINUSE)
	from /usr/lib/ruby/3.2.0/socket.rb:205:in `listen'
	from /usr/lib/ruby/3.2.0/socket.rb:768:in `block in tcp_server_sockets'
	from /usr/lib/ruby/3.2.0/socket.rb:231:in `each'
	from /usr/lib/ruby/3.2.0/socket.rb:231:in `foreach'
	from /usr/lib/ruby/3.2.0/socket.rb:766:in `tcp_server_sockets'
	from /var/lib/gems/3.2.0/gems/webrick-1.9.1/lib/webrick/utils.rb:60:in `create_listeners'
	from /var/lib/gems/3.2.0/gems/webrick-1.9.1/lib/webrick/server.rb:130:in `listen'
	from /var/lib/gems/3.2.0/gems/webrick-1.9.1/lib/webrick/server.rb:111:in `initialize'
	from /var/lib/gems/3.2.0/gems/webrick-1.9.1/lib/webrick/httpserver.rb:47:in `initialize'
	from /var/lib/gems/3.2.0/gems/jekyll-4.4.1/lib/jekyll/commands/serve.rb:216:in `new'
	from /var/lib/gems/3.2.0/gems/jekyll-4.4.1/lib/jekyll/commands/serve.rb:216:in `start_up_webrick'
	from /var/lib/gems/3.2.0/gems/jekyll-4.4.1/lib/jekyll/commands/serve.rb:102:in `process'
	from /var/lib/gems/3.2.0/gems/jekyll-4.4.1/lib/jekyll/command.rb:91:in `block in process_with_graceful_fail'
	from /var/lib/gems/3.2.0/gems/jekyll-4.4.1/lib/jekyll/command.rb:91:in `each'
	from /var/lib/gems/3.2.0/gems/jekyll-4.4.1/lib/jekyll/command.rb:91:in `process_with_graceful_fail'
	from /var/lib/gems/3.2.0/gems/jekyll-4.4.1/lib/jekyll/commands/serve.rb:85:in `block (2 levels) in init_with_program'
	from /var/lib/gems/3.2.0/gems/mercenary-0.4.0/lib/mercenary/command.rb:221:in `block in execute'
	from /var/lib/gems/3.2.0/gems/mercenary-0.4.0/lib/mercenary/command.rb:221:in `each'
	from /var/lib/gems/3.2.0/gems/mercenary-0.4.0/lib/mercenary/command.rb:221:in `execute'
	from /var/lib/gems/3.2.0/gems/mercenary-0.4.0/lib/mercenary/program.rb:44:in `go'
	from /var/lib/gems/3.2.0/gems/mercenary-0.4.0/lib/mercenary.rb:21:in `program'
	from /var/lib/gems/3.2.0/gems/jekyll-4.4.1/exe/jekyll:15:in `<top (required)>'
	from /usr/local/bin/jekyll:25:in `load'
	from /usr/local/bin/jekyll:25:in `<main>'
